PushSDK/build/outputs/logs/manifest-merger-debug-report.txt
-- Merging decision tree log ---
manifest
ADDED from LKShop-master\PushSDK\AndroidManifest.xml:2:1-139:12
INJECTED from LKShop-master\PushSDK\AndroidManifest.xml:2:1-139:12
INJECTED from LKShop-master\PushSDK\AndroidManifest.xml:2:1-139:12
INJECTED from LKShop-master\PushSDK\AndroidManifest.xml:2:1-139:12
INJECTED from LKShop-master\PushSDK\AndroidManifest.xml:2:1-139:12
INJECTED from LKShop-master\PushSDK\AndroidManifest.xml:2:1-139:12
INJECTED from LKShop-master\PushSDK\AndroidManifest.xml:2:1-139:12
	package
		ADDED from LKShop-master\PushSDK\AndroidManifest.xml:3:5-36
		INJECTED from LKShop-master\PushSDK\AndroidManifest.xml
		INJECTED from LKShop-master\PushSDK\AndroidManifest.xml
	android:versionName
		ADDED from LKShop-master\PushSDK\AndroidManifest.xml:5:5-30
		INJECTED from LKShop-master\PushSDK\AndroidManifest.xml
		INJECTED from LKShop-master\PushSDK\AndroidManifest.xml
	xmlns:android
		ADDED from LKShop-master\PushSDK\AndroidManifest.xml:2:11-69
	android:versionCode
		ADDED from LKShop-master\PushSDK\AndroidManifest.xml:4:5-28
		INJECTED from LKShop-master\PushSDK\AndroidManifest.xml
		INJECTED from LKShop-master\PushSDK\AndroidManifest.xml
uses-permission#android.permission.WRITE_SETTINGS
ADDED from LKShop-master\PushSDK\AndroidManifest.xml:8:5-73
	android:name
		ADDED from LKShop-master\PushSDK\AndroidManifest.xml:8:22-70
uses-permission#android.permission.INTERNET
ADDED from LKShop-master\PushSDK\AndroidManifest.xml:9:5-67
	android:name
		ADDED from LKShop-master\PushSDK\AndroidManifest.xml:9:22-64
uses-permission#android.permission.ACCESS_NETWORK_STATE
ADDED from LKShop-master\PushSDK\AndroidManifest.xml:10:5-79
	android:name
		ADDED from LKShop-master\PushSDK\AndroidManifest.xml:10:22-76
uses-permission#android.permission.ACCESS_WIFI_STATE
ADDED from LKShop-master\PushSDK\AndroidManifest.xml:11:5-76
	android:name
		ADDED from LKShop-master\PushSDK\AndroidManifest.xml:11:22-73
uses-permission#android.permission.WRITE_EXTERNAL_STORAGE
ADDED from LKShop-master\PushSDK\AndroidManifest.xml:12:5-81
	android:name
		ADDED from LKShop-master\PushSDK\AndroidManifest.xml:12:22-78
uses-permission#android.permission.WAKE_LOCK
ADDED from LKShop-master\PushSDK\AndroidManifest.xml:13:5-68
	android:name
		ADDED from LKShop-master\PushSDK\AndroidManifest.xml:13:22-65
uses-permission#android.permission.READ_PHONE_STATE
ADDED from LKShop-master\PushSDK\AndroidManifest.xml:14:5-75
	android:name
		ADDED from LKShop-master\PushSDK\AndroidManifest.xml:14:22-72
uses-permission#android.permission.CHANGE_NETWORK_STATE
ADDED from LKShop-master\PushSDK\AndroidManifest.xml:15:5-79
	android:name
		ADDED from LKShop-master\PushSDK\AndroidManifest.xml:15:22-76
uses-permission#android.permission.CHANGE_WIFI_STATE
ADDED from LKShop-master\PushSDK\AndroidManifest.xml:16:5-76
	android:name
		ADDED from LKShop-master\PushSDK\AndroidManifest.xml:16:22-73
uses-permission#android.permission.GET_TASKS
ADDED from LKShop-master\PushSDK\AndroidManifest.xml:17:5-68
	android:name
		ADDED from LKShop-master\PushSDK\AndroidManifest.xml:17:22-65
uses-permission#android.permission.RECEIVE_BOOT_COMPLETED
ADDED from LKShop-master\PushSDK\AndroidManifest.xml:18:5-81
	android:name
		ADDED from LKShop-master\PushSDK\AndroidManifest.xml:18:22-78
uses-permission#android.permission.BROADCAST_PACKAGE_ADDED
ADDED from LKShop-master\PushSDK\AndroidManifest.xml:21:5-82
	android:name
		ADDED from LKShop-master\PushSDK\AndroidManifest.xml:21:22-79
uses-permission#android.permission.BROADCAST_PACKAGE_CHANGED
ADDED from LKShop-master\PushSDK\AndroidManifest.xml:22:5-84
	android:name
		ADDED from LKShop-master\PushSDK\AndroidManifest.xml:22:22-81
uses-permission#android.permission.BROADCAST_PACKAGE_INSTALL
ADDED from LKShop-master\PushSDK\AndroidManifest.xml:23:5-84
	android:name
		ADDED from LKShop-master\PushSDK\AndroidManifest.xml:23:22-81
uses-permission#android.permission.BROADCAST_PACKAGE_REPLACED
ADDED from LKShop-master\PushSDK\AndroidManifest.xml:24:5-85
	android:name
		ADDED from LKShop-master\PushSDK\AndroidManifest.xml:24:22-82
uses-permission#android.permission.RESTART_PACKAGES
ADDED from LKShop-master\PushSDK\AndroidManifest.xml:25:5-75
	android:name
		ADDED from LKShop-master\PushSDK\AndroidManifest.xml:25:22-72
uses-permission#android.permission.GET_ACCOUNTS
ADDED from LKShop-master\PushSDK\AndroidManifest.xml:26:5-71
	android:name
		ADDED from LKShop-master\PushSDK\AndroidManifest.xml:26:22-68
uses-permission#android.permission.VIBRATE
ADDED from LKShop-master\PushSDK\AndroidManifest.xml:27:5-66
	android:name
		ADDED from LKShop-master\PushSDK\AndroidManifest.xml:27:22-63
uses-permission#android.permission.SEND_SMS
ADDED from LKShop-master\PushSDK\AndroidManifest.xml:28:5-67
	android:name
		ADDED from LKShop-master\PushSDK\AndroidManifest.xml:28:22-64
uses-permission#android.permission.RECEIVE_SMS
ADDED from LKShop-master\PushSDK\AndroidManifest.xml:29:5-70
	android:name
		ADDED from LKShop-master\PushSDK\AndroidManifest.xml:29:22-67
uses-permission#android.permission.READ_SMS
ADDED from LKShop-master\PushSDK\AndroidManifest.xml:30:5-67
	android:name
		ADDED from LKShop-master\PushSDK\AndroidManifest.xml:30:22-64
application
ADDED from LKShop-master\PushSDK\AndroidManifest.xml:32:5-137:19
	android:allowBackup
		ADDED from LKShop-master\PushSDK\AndroidManifest.xml:32:18-44
receiver#com.umeng.message.NotificationProxyBroadcastReceiver
ADDED from LKShop-master\PushSDK\AndroidManifest.xml:33:9-36:20
	android:exported
		ADDED from LKShop-master\PushSDK\AndroidManifest.xml:35:13-37
	android:name
		ADDED from LKShop-master\PushSDK\AndroidManifest.xml:34:13-80
receiver#com.umeng.message.SystemReceiver
ADDED from LKShop-master\PushSDK\AndroidManifest.xml:37:9-51:20
	android:process
		ADDED from LKShop-master\PushSDK\AndroidManifest.xml:39:13-36
	android:name
		ADDED from LKShop-master\PushSDK\AndroidManifest.xml:38:13-60
intent-filter#android.intent.action.BOOT_COMPLETED
ADDED from LKShop-master\PushSDK\AndroidManifest.xml:40:13-42:29
action#android.intent.action.BOOT_COMPLETED
ADDED from LKShop-master\PushSDK\AndroidManifest.xml:41:17-79
	android:name
		ADDED from LKShop-master\PushSDK\AndroidManifest.xml:41:25-76
intent-filter#android.net.conn.CONNECTIVITY_CHANGE
ADDED from LKShop-master\PushSDK\AndroidManifest.xml:43:13-45:29
action#android.net.conn.CONNECTIVITY_CHANGE
ADDED from LKShop-master\PushSDK\AndroidManifest.xml:44:17-79
	android:name
		ADDED from LKShop-master\PushSDK\AndroidManifest.xml:44:25-76
intent-filter#android.intent.action.PACKAGE_REMOVED
ADDED from LKShop-master\PushSDK\AndroidManifest.xml:46:13-50:29
action#android.intent.action.PACKAGE_REMOVED
ADDED from LKShop-master\PushSDK\AndroidManifest.xml:47:17-80
	android:name
		ADDED from LKShop-master\PushSDK\AndroidManifest.xml:47:25-77
data
ADDED from LKShop-master\PushSDK\AndroidManifest.xml:49:17-50
	android:scheme
		ADDED from LKShop-master\PushSDK\AndroidManifest.xml:49:23-47
receiver#com.umeng.message.MessageReceiver
ADDED from LKShop-master\PushSDK\AndroidManifest.xml:52:9-59:20
	android:process
		ADDED from LKShop-master\PushSDK\AndroidManifest.xml:55:13-36
	android:exported
		ADDED from LKShop-master\PushSDK\AndroidManifest.xml:54:13-37
	android:name
		ADDED from LKShop-master\PushSDK\AndroidManifest.xml:53:13-61
intent-filter#org.agoo.android.intent.action.RECEIVE
ADDED from LKShop-master\PushSDK\AndroidManifest.xml:56:13-58:29
action#org.agoo.android.intent.action.RECEIVE
ADDED from LKShop-master\PushSDK\AndroidManifest.xml:57:17-81
	android:name
		ADDED from LKShop-master\PushSDK\AndroidManifest.xml:57:25-78
receiver#com.umeng.message.ElectionReceiver
ADDED from LKShop-master\PushSDK\AndroidManifest.xml:60:9-68:20
	android:process
		ADDED from LKShop-master\PushSDK\AndroidManifest.xml:62:13-36
	android:name
		ADDED from LKShop-master\PushSDK\AndroidManifest.xml:61:13-62
intent-filter#org.agoo.android.intent.action.ELECTION_RESULT_V4+umeng
ADDED from LKShop-master\PushSDK\AndroidManifest.xml:63:13-67:29
action#org.agoo.android.intent.action.ELECTION_RESULT_V4
ADDED from LKShop-master\PushSDK\AndroidManifest.xml:64:17-92
	android:name
		ADDED from LKShop-master\PushSDK\AndroidManifest.xml:64:25-89
category#umeng
ADDED from LKShop-master\PushSDK\AndroidManifest.xml:66:17-50
	android:name
		ADDED from LKShop-master\PushSDK\AndroidManifest.xml:66:27-47
receiver#com.umeng.message.RegistrationReceiver
ADDED from LKShop-master\PushSDK\AndroidManifest.xml:69:9-75:20
	android:exported
		ADDED from LKShop-master\PushSDK\AndroidManifest.xml:71:13-37
	android:name
		ADDED from LKShop-master\PushSDK\AndroidManifest.xml:70:13-66
intent-filter#${applicationId}.intent.action.COMMAND
ADDED from LKShop-master\PushSDK\AndroidManifest.xml:72:13-74:29
action#${applicationId}.intent.action.COMMAND
ADDED from LKShop-master\PushSDK\AndroidManifest.xml:73:17-81
	android:name
		ADDED from LKShop-master\PushSDK\AndroidManifest.xml:73:25-78
receiver#com.umeng.message.UmengMessageBootReceiver
ADDED from LKShop-master\PushSDK\AndroidManifest.xml:76:9-80:20
	android:name
		ADDED from LKShop-master\PushSDK\AndroidManifest.xml:76:19-76
service#com.umeng.message.UmengService
ADDED from LKShop-master\PushSDK\AndroidManifest.xml:82:9-98:19
	android:process
		ADDED from LKShop-master\PushSDK\AndroidManifest.xml:86:13-36
	android:label
		ADDED from LKShop-master\PushSDK\AndroidManifest.xml:85:13-40
	android:exported
		ADDED from LKShop-master\PushSDK\AndroidManifest.xml:84:13-36
	android:name
		ADDED from LKShop-master\PushSDK\AndroidManifest.xml:83:13-58
intent-filter#${applicationId}.intent.action.START
ADDED from LKShop-master\PushSDK\AndroidManifest.xml:87:13-89:29
action#${applicationId}.intent.action.START
ADDED from LKShop-master\PushSDK\AndroidManifest.xml:88:17-79
	android:name
		ADDED from LKShop-master\PushSDK\AndroidManifest.xml:88:25-76
intent-filter#${applicationId}.intent.action.COCKROACH
ADDED from LKShop-master\PushSDK\AndroidManifest.xml:90:13-92:29
action#${applicationId}.intent.action.COCKROACH
ADDED from LKShop-master\PushSDK\AndroidManifest.xml:91:17-83
	android:name
		ADDED from LKShop-master\PushSDK\AndroidManifest.xml:91:25-80
intent-filter#org.agoo.android.intent.action.PING_V4+umeng
ADDED from LKShop-master\PushSDK\AndroidManifest.xml:93:13-97:29
action#org.agoo.android.intent.action.PING_V4
ADDED from LKShop-master\PushSDK\AndroidManifest.xml:94:17-81
	android:name
		ADDED from LKShop-master\PushSDK\AndroidManifest.xml:94:25-78
service#com.umeng.message.UmengIntentService
ADDED from LKShop-master\PushSDK\AndroidManifest.xml:99:9-101:39
	android:process
		ADDED from LKShop-master\PushSDK\AndroidManifest.xml:101:13-36
	android:name
		ADDED from LKShop-master\PushSDK\AndroidManifest.xml:100:13-64
service#com.umeng.message.UmengMessageIntentReceiverService
ADDED from LKShop-master\PushSDK\AndroidManifest.xml:102:9-112:19
	android:process
		ADDED from LKShop-master\PushSDK\AndroidManifest.xml:105:13-36
	android:exported
		ADDED from LKShop-master\PushSDK\AndroidManifest.xml:104:13-36
	android:name
		ADDED from LKShop-master\PushSDK\AndroidManifest.xml:103:13-79
intent-filter#org.android.agoo.client.MessageReceiverService
ADDED from LKShop-master\PushSDK\AndroidManifest.xml:106:13-108:29
action#org.android.agoo.client.MessageReceiverService
ADDED from LKShop-master\PushSDK\AndroidManifest.xml:107:17-89
	android:name
		ADDED from LKShop-master\PushSDK\AndroidManifest.xml:107:25-86
intent-filter#org.android.agoo.client.ElectionReceiverService
ADDED from LKShop-master\PushSDK\AndroidManifest.xml:109:13-111:29
action#org.android.agoo.client.ElectionReceiverService
ADDED from LKShop-master\PushSDK\AndroidManifest.xml:110:17-90
	android:name
		ADDED from LKShop-master\PushSDK\AndroidManifest.xml:110:25-87
service#com.umeng.message.UmengMessageCallbackHandlerService
ADDED from LKShop-master\PushSDK\AndroidManifest.xml:113:9-128:19
	android:exported
		ADDED from LKShop-master\PushSDK\AndroidManifest.xml:115:13-37
	android:name
		ADDED from LKShop-master\PushSDK\AndroidManifest.xml:114:13-80
intent-filter#com.umeng.messge.registercallback.action
ADDED from LKShop-master\PushSDK\AndroidManifest.xml:116:13-118:29
action#com.umeng.messge.registercallback.action
ADDED from LKShop-master\PushSDK\AndroidManifest.xml:117:17-83
	android:name
		ADDED from LKShop-master\PushSDK\AndroidManifest.xml:117:25-80
intent-filter#com.umeng.message.unregistercallback.action
ADDED from LKShop-master\PushSDK\AndroidManifest.xml:119:13-121:29
action#com.umeng.message.unregistercallback.action
ADDED from LKShop-master\PushSDK\AndroidManifest.xml:120:17-86
	android:name
		ADDED from LKShop-master\PushSDK\AndroidManifest.xml:120:25-83
intent-filter#com.umeng.message.message.handler.action
ADDED from LKShop-master\PushSDK\AndroidManifest.xml:122:13-124:29
action#com.umeng.message.message.handler.action
ADDED from LKShop-master\PushSDK\AndroidManifest.xml:123:17-83
	android:name
		ADDED from LKShop-master\PushSDK\AndroidManifest.xml:123:25-80
intent-filter#com.umeng.message.autoupdate.handler.action
ADDED from LKShop-master\PushSDK\AndroidManifest.xml:125:13-127:29
action#com.umeng.message.autoupdate.handler.action
ADDED from LKShop-master\PushSDK\AndroidManifest.xml:126:17-86
	android:name
		ADDED from LKShop-master\PushSDK\AndroidManifest.xml:126:25-83
service#com.umeng.message.UmengDownloadResourceService
ADDED from LKShop-master\PushSDK\AndroidManifest.xml:131:9-133:40
	android:exported
		ADDED from LKShop-master\PushSDK\AndroidManifest.xml:133:13-37
	android:name
		ADDED from LKShop-master\PushSDK\AndroidManifest.xml:132:13-74
service#com.umeng.message.local.UmengLocalNotificationService
ADDED from LKShop-master\PushSDK\AndroidManifest.xml:134:9-136:40
	android:exported
		ADDED from LKShop-master\PushSDK\AndroidManifest.xml:136:13-37
	android:name
		ADDED from LKShop-master\PushSDK\AndroidManifest.xml:135:13-81
uses-sdk
INJECTED from LKShop-master\PushSDK\AndroidManifest.xml reason: use-sdk injection requested
INJECTED from LKShop-master\PushSDK\AndroidManifest.xml
INJECTED from LKShop-master\PushSDK\AndroidManifest.xml
INJECTED from LKShop-master\PushSDK\AndroidManifest.xml
INJECTED from LKShop-master\PushSDK\AndroidManifest.xml
	android:targetSdkVersion
		INJECTED from LKShop-master\PushSDK\AndroidManifest.xml
		ADDED from LKShop-master\PushSDK\AndroidManifest.xml
		INJECTED from LKShop-master\PushSDK\AndroidManifest.xml
	android:minSdkVersion
		INJECTED from LKShop-master\PushSDK\AndroidManifest.xml
		ADDED from LKShop-master\PushSDK\AndroidManifest.xml
		INJECTED from LKShop-master\PushSDK\AndroidManifest.xml